mapmyindia_gl/intermediates/manifest_merge_blame_file/debug/manifest-merger-blame-debug-report.txt
1<?xml version="1.0" encoding="utf-8"?>
2<manifest xmlns:android="http://schemas.android.com/apk/res/android"
3    package="com.mapmyindia.mapmyindiagl" >
4
5    <uses-sdk
6        android:minSdkVersion="16"
6-->src/main/AndroidManifest.xml
7        android:targetSdkVersion="16" />
7-->src/main/AndroidManifest.xml
8
9    <uses-permission android:name="android.permission.ACCESS_FINE_LOCATION" />
9-->src/main/AndroidManifest.xml:3:5-78
9-->src/main/AndroidManifest.xml:3:22-76
10    <uses-permission android:name="android.permission.INTERNET" />
10-->src/main/AndroidManifest.xml:4:5-66
10-->src/main/AndroidManifest.xml:4:22-64
11
12</manifest>